#
# There is insufficient memory for the Java Runtime Environment to continue.
# Native memory allocation (malloc) failed to allocate 32744 bytes. Error detail: ChunkPool::allocate
# Possible reasons:
#   The system is out of physical RAM or swap space
#   This process is running with CompressedOops enabled, and the Java Heap may be blocking the growth of the native heap
# Possible solutions:
#   Reduce memory load on the system
#   Increase physical memory or swap space
#   Check if swap backing store is full
#   Decrease Java heap size (-Xmx/-Xms)
#   Decrease number of Java threads
#   Decrease Java thread stack sizes (-Xss)
#   Set larger code cache with -XX:ReservedCodeCacheSize=
#   JVM is running with Zero Based Compressed Oops mode in which the Java heap is
#     placed in the first 32GB address space. The Java Heap base address is the
#     maximum limit for the native heap growth. Please use -XX:HeapBaseMinAddress
#     to set the Java Heap base and to place the Java Heap above 32GB virtual address.
# This output file may be truncated or incomplete.
#
#  Out of Memory Error (arena.cpp:79), pid=22180, tid=26592
#
# JRE version: OpenJDK Runtime Environment Corretto-17.0.14.7.1 (17.0.14+7) (build 17.0.14+7-LTS)
# Java VM: OpenJDK 64-Bit Server VM Corretto-17.0.14.7.1 (17.0.14+7-LTS, mixed mode, emulated-client, sharing, tiered, compressed oops, compressed class ptrs, g1 gc, windows-amd64)
# No core dump will be written. Minidumps are not enabled by default on client versions of Windows
#

---------------  S U M M A R Y ------------

Command Line: -XX:TieredStopAtLevel=1 -Dspring.output.ansi.enabled=always -Dcom.sun.management.jmxremote -Dspring.jmx.enabled=true -Dspring.liveBeansView.mbeanDomain -Dspring.application.admin.enabled=true -Dmanagement.endpoints.jmx.exposure.include=* -javaagent:C:\Program Files\JetBrains\IntelliJ IDEA 2024.3.4.1\lib\idea_rt.jar=55013 -Dfile.encoding=UTF-8 com.parkmate.batchservice.BatchserviceApplication

Host: 11th Gen Intel(R) Core(TM) i7-11600H @ 2.90GHz, 12 cores, 15G,  Windows 10 , 64 bit Build 19041 (10.0.19041.5915)
Time: Mon Jun 30 11:29:17 2025  Windows 10 , 64 bit Build 19041 (10.0.19041.5915) elapsed time: 0.734774 seconds (0d 0h 0m 0s)

---------------  T H R E A D  ---------------

Current thread (0x000001e3d88d3f80):  JavaThread "C1 CompilerThread1" daemon [_thread_in_vm, id=26592, stack(0x0000000766900000,0x0000000766a00000)]


Current CompileTask:
C1:    734 1094       1       jdk.internal.org.objectweb.asm.Type::getDescriptor (93 bytes)

Stack: [0x0000000766900000,0x0000000766a00000]
Native frames: (J=compiled Java code, j=interpreted, Vv=VM code, C=native code)
V  [jvm.dll+0x681069]
V  [jvm.dll+0x838cca]
V  [jvm.dll+0x83a78e]
V  [jvm.dll+0x83adf3]
V  [jvm.dll+0x24826f]
V  [jvm.dll+0xacbf1]
V  [jvm.dll+0xad03c]
V  [jvm.dll+0x1d625b]
V  [jvm.dll+0x1c34e5]
V  [jvm.dll+0x2297e2]
V  [jvm.dll+0x227adc]
V  [jvm.dll+0x7edb77]
V  [jvm.dll+0x7e7f6c]
V  [jvm.dll+0x67ff37]
C  [ucrtbase.dll+0x21bb2]
C  [KERNEL32.DLL+0x17374]
C  [ntdll.dll+0x4cc91]


---------------  P R O C E S S  ---------------

Threads class SMR info:
_java_thread_list=0x000001e41e4824d0, length=18, elements={
0x000001e3c15a6880, 0x000001e3d823c1a0, 0x000001e3d823cd60, 0x000001e3d825aff0,
0x000001e3d825bbb0, 0x000001e3d825e580, 0x000001e3d8260f50, 0x000001e3d8264e10,
0x000001e3d826d820, 0x000001e3d822bec0, 0x000001e3d88d3f80, 0x000001e3d88d48b0,
0x000001e41e424eb0, 0x000001e41e4263b0, 0x000001e41e532d90, 0x000001e41e5e9020,
0x000001e41e61d7c0, 0x000001e41e675440
}

Java Threads: ( => current thread )
  0x000001e3c15a6880 JavaThread "main" [_thread_blocked, id=10752, stack(0x0000000765900000,0x0000000765a00000)]
  0x000001e3d823c1a0 JavaThread "Reference Handler" daemon [_thread_blocked, id=22708, stack(0x0000000766000000,0x0000000766100000)]
  0x000001e3d823cd60 JavaThread "Finalizer" daemon [_thread_blocked, id=3048, stack(0x0000000766100000,0x0000000766200000)]
  0x000001e3d825aff0 JavaThread "Signal Dispatcher" daemon [_thread_blocked, id=26508, stack(0x0000000766200000,0x0000000766300000)]
  0x000001e3d825bbb0 JavaThread "Attach Listener" daemon [_thread_blocked, id=27152, stack(0x0000000766300000,0x0000000766400000)]
  0x000001e3d825e580 JavaThread "Service Thread" daemon [_thread_blocked, id=17188, stack(0x0000000766400000,0x0000000766500000)]
  0x000001e3d8260f50 JavaThread "Monitor Deflation Thread" daemon [_thread_blocked, id=20768, stack(0x0000000766500000,0x0000000766600000)]
  0x000001e3d8264e10 JavaThread "C1 CompilerThread0" daemon [_thread_blocked, id=1244, stack(0x0000000766600000,0x0000000766700000)]
  0x000001e3d826d820 JavaThread "Sweeper thread" daemon [_thread_blocked, id=22776, stack(0x0000000766700000,0x0000000766800000)]
  0x000001e3d822bec0 JavaThread "Common-Cleaner" daemon [_thread_blocked, id=22144, stack(0x0000000766800000,0x0000000766900000)]
=>0x000001e3d88d3f80 JavaThread "C1 CompilerThread1" daemon [_thread_in_vm, id=26592, stack(0x0000000766900000,0x0000000766a00000)]
  0x000001e3d88d48b0 JavaThread "C1 CompilerThread2" daemon [_thread_in_native, id=17496, stack(0x0000000766a00000,0x0000000766b00000)]
  0x000001e41e424eb0 JavaThread "Monitor Ctrl-Break" daemon [_thread_in_native, id=2516, stack(0x0000000766b00000,0x0000000766c00000)]
  0x000001e41e4263b0 JavaThread "Notification Thread" daemon [_thread_blocked, id=16624, stack(0x0000000766c00000,0x0000000766d00000)]
  0x000001e41e532d90 JavaThread "RMI TCP Accept-0" daemon [_thread_in_native, id=11416, stack(0x0000000766d00000,0x0000000766e00000)]
  0x000001e41e5e9020 JavaThread "RMI TCP Connection(1)-10.10.10.18" daemon [_thread_blocked, id=10784, stack(0x0000000766f00000,0x0000000767000000)]
  0x000001e41e61d7c0 JavaThread "RMI Scheduler(0)" daemon [_thread_blocked, id=22412, stack(0x0000000767000000,0x0000000767100000)]
  0x000001e41e675440 JavaThread "JMX server connection timeout 20" daemon [_thread_blocked, id=23436, stack(0x0000000767a00000,0x0000000767b00000)]

Other Threads:
  0x000001e3d82384a0 VMThread "VM Thread" [stack: 0x0000000765f00000,0x0000000766000000] [id=9392] _threads_hazard_ptr=0x000001e41e4824d0
  0x000001e3c15a7a50 WatcherThread [stack: 0x0000000766e00000,0x0000000766f00000] [id=4012]
  0x000001e3c1611010 GCTaskThread "GC Thread#0" [stack: 0x0000000765a00000,0x0000000765b00000] [id=16696]
  0x000001e41e5cd420 GCTaskThread "GC Thread#1" [stack: 0x0000000767100000,0x0000000767200000] [id=17980]
  0x000001e41e52ff60 GCTaskThread "GC Thread#2" [stack: 0x0000000767200000,0x0000000767300000] [id=8260]
  0x000001e41e5e5710 GCTaskThread "GC Thread#3" [stack: 0x0000000767300000,0x0000000767400000] [id=14700]
  0x000001e41e5f7890 GCTaskThread "GC Thread#4" [stack: 0x0000000767400000,0x0000000767500000] [id=22548]
  0x000001e41e633d20 GCTaskThread "GC Thread#5" [stack: 0x0000000767500000,0x0000000767600000] [id=2864]
  0x000001e41e65e940 GCTaskThread "GC Thread#6" [stack: 0x0000000767600000,0x0000000767700000] [id=17308]
  0x000001e41e65ec00 GCTaskThread "GC Thread#7" [stack: 0x0000000767700000,0x0000000767800000] [id=18812]
  0x000001e41e65eec0 GCTaskThread "GC Thread#8" [stack: 0x0000000767800000,0x0000000767900000] [id=9740]
  0x000001e3c1621b60 ConcurrentGCThread "G1 Main Marker" [stack: 0x0000000765b00000,0x0000000765c00000] [id=16436]
  0x000001e3c1622d20 ConcurrentGCThread "G1 Conc#0" [stack: 0x0000000765c00000,0x0000000765d00000] [id=9896]
  0x000001e3c163eb20 ConcurrentGCThread "G1 Refine#0" [stack: 0x0000000765d00000,0x0000000765e00000] [id=24620]
  0x000001e41e63d1e0 ConcurrentGCThread "G1 Refine#1" [stack: 0x0000000767900000,0x0000000767a00000] [id=8500]
  0x000001e3d81548e0 ConcurrentGCThread "G1 Service" [stack: 0x0000000765e00000,0x0000000765f00000] [id=12912]

Threads with active compile tasks:
C1 CompilerThread0      747 1095       1       java.lang.reflect.Constructor::getRoot (5 bytes)
C1 CompilerThread1      747 1094       1       jdk.internal.org.objectweb.asm.Type::getDescriptor (93 bytes)
C1 CompilerThread2      747 1077       1       java.net.URLStreamHandler::parseURL (1201 bytes)

VM state: not at safepoint (normal execution)

VM Mutex/Monitor currently owned by a thread:  ([mutex/lock_event])
[0x000001e3c15a2b00] Compile_lock - owner thread: 0x000001e41e5e9020
[0x000001e3c15a2b90] MethodCompileQueue_lock - owner thread: 0x000001e3d8264e10

Heap address: 0x00000004d8000000, size: 4032 MB, Compressed Oops mode: Zero based, Oop shift amount: 3

CDS archive(s) mapped at: [0x000001e3d9000000-0x000001e3d9bb0000-0x000001e3d9bb0000), size 12255232, SharedBaseAddress: 0x000001e3d9000000, ArchiveRelocationMode: 1.
Compressed class space mapped at: 0x000001e3da000000-0x000001e41a000000, reserved size: 1073741824
Narrow klass base: 0x000001e3d9000000, Narrow klass shift: 0, Narrow klass range: 0x100000000

GC Precious Log:
 CPUs: 12 total, 12 available
 Memory: 16121M
 Large Page Support: Disabled
 NUMA Support: Disabled
 Compressed Oops: Enabled (Zero based)
 Heap Region Size: 2M
 Heap Min Capacity: 8M
 Heap Initial Capacity: 252M
 Heap Max Capacity: 4032M
 Pre-touch: Disabled
 Parallel Workers: 10
 Concurrent Workers: 3
 Concurrent Refinement Workers: 10
 Periodic GC: Disabled

Heap:
 garbage-first heap   total 258048K, used 11310K [0x00000004d8000000, 0x00000005d4000000)
  region size 2048K, 3 young (6144K), 2 survivors (4096K)
 Metaspace       used 5516K, committed 5760K, reserved 1114112K
  class space    used 670K, committed 832K, reserved 1048576K

Heap Regions: E=young(eden), S=young(survivor), O=old, HS=humongous(starts), HC=humongous(continues), CS=collection set, F=free, OA=open archive, CA=closed archive, TAMS=top-at-mark-start (previous, next)
|   0|0x00000004d8000000, 0x00000004d8200000, 0x00000004d8200000|100%| O|  |TAMS 0x00000004d8000000, 0x00000004d8000000| Untracked 
|   1|0x00000004d8200000, 0x00000004d8400000, 0x00000004d8400000|100%| O|  |TAMS 0x00000004d8200000, 0x00000004d8200000| Untracked 
|   2|0x00000004d8400000, 0x00000004d8600000, 0x00000004d8600000|100%| O|  |TAMS 0x00000004d8400000, 0x00000004d8400000| Untracked 
|   3|0x00000004d8600000, 0x00000004d870ba00, 0x00000004d8800000| 52%| O|  |TAMS 0x00000004d8600000, 0x00000004d8600000| Untracked 
|   4|0x00000004d8800000, 0x00000004d8800000, 0x00000004d8a00000|  0%| F|  |TAMS 0x00000004d8800000, 0x00000004d8800000| Untracked 
|   5|0x00000004d8a00000, 0x00000004d8a00000, 0x00000004d8c00000|  0%| F|  |TAMS 0x00000004d8a00000, 0x00000004d8a00000| Untracked 
|   6|0x00000004d8c00000, 0x00000004d8c00000, 0x00000004d8e00000|  0%| F|  |TAMS 0x00000004d8c00000, 0x00000004d8c00000| Untracked 
|   7|0x00000004d8e00000, 0x00000004d8e00000, 0x00000004d9000000|  0%| F|  |TAMS 0x00000004d8e00000, 0x00000004d8e00000| Untracked 
|   8|0x00000004d9000000, 0x00000004d9000000, 0x00000004d9200000|  0%| F|  |TAMS 0x00000004d9000000, 0x00000004d9000000| Untracked 
|   9|0x00000004d9200000, 0x00000004d9200000, 0x00000004d9400000|  0%| F|  |TAMS 0x00000004d9200000, 0x00000004d9200000| Untracked 
|  10|0x00000004d9400000, 0x00000004d9400000, 0x00000004d9600000|  0%| F|  |TAMS 0x00000004d9400000, 0x00000004d9400000| Untracked 
|  11|0x00000004d9600000, 0x00000004d9600000, 0x00000004d9800000|  0%| F|  |TAMS 0x00000004d9600000, 0x00000004d9600000| Untracked 
|  12|0x00000004d9800000, 0x00000004d9800000, 0x00000004d9a00000|  0%| F|  |TAMS 0x00000004d9800000, 0x00000004d9800000| Untracked 
|  13|0x00000004d9a00000, 0x00000004d9a00000, 0x00000004d9c00000|  0%| F|  |TAMS 0x00000004d9a00000, 0x00000004d9a00000| Untracked 
|  14|0x00000004d9c00000, 0x00000004d9c00000, 0x00000004d9e00000|  0%| F|  |TAMS 0x00000004d9c00000, 0x00000004d9c00000| Untracked 
|  15|0x00000004d9e00000, 0x00000004d9e00000, 0x00000004da000000|  0%| F|  |TAMS 0x00000004d9e00000, 0x00000004d9e00000| Untracked 
|  16|0x00000004da000000, 0x00000004da000000, 0x00000004da200000|  0%| F|  |TAMS 0x00000004da000000, 0x00000004da000000| Untracked 
|  17|0x00000004da200000, 0x00000004da200000, 0x00000004da400000|  0%| F|  |TAMS 0x00000004da200000, 0x00000004da200000| Untracked 
|  18|0x00000004da400000, 0x00000004da400000, 0x00000004da600000|  0%| F|  |TAMS 0x00000004da400000, 0x00000004da400000| Untracked 
|  19|0x00000004da600000, 0x00000004da600000, 0x00000004da800000|  0%| F|  |TAMS 0x00000004da600000, 0x00000004da600000| Untracked 
|  20|0x00000004da800000, 0x00000004da800000, 0x00000004daa00000|  0%| F|  |TAMS 0x00000004da800000, 0x00000004da800000| Untracked 
|  21|0x00000004daa00000, 0x00000004daa00000, 0x00000004dac00000|  0%| F|  |TAMS 0x00000004daa00000, 0x00000004daa00000| Untracked 
|  22|0x00000004dac00000, 0x00000004dac00000, 0x00000004dae00000|  0%| F|  |TAMS 0x00000004dac00000, 0x00000004dac00000| Untracked 
|  23|0x00000004dae00000, 0x00000004dae00000, 0x00000004db000000|  0%| F|  |TAMS 0x00000004dae00000, 0x00000004dae00000| Untracked 
|  24|0x00000004db000000, 0x00000004db000000, 0x00000004db200000|  0%| F|  |TAMS 0x00000004db000000, 0x00000004db000000| Untracked 
|  25|0x00000004db200000, 0x00000004db200000, 0x00000004db400000|  0%| F|  |TAMS 0x00000004db200000, 0x00000004db200000| Untracked 
|  26|0x00000004db400000, 0x00000004db400000, 0x00000004db600000|  0%| F|  |TAMS 0x00000004db400000, 0x00000004db400000| Untracked 
|  27|0x00000004db600000, 0x00000004db600000, 0x00000004db800000|  0%| F|  |TAMS 0x00000004db600000, 0x00000004db600000| Untracked 
|  28|0x00000004db800000, 0x00000004db800000, 0x00000004dba00000|  0%| F|  |TAMS 0x00000004db800000, 0x00000004db800000| Untracked 
|  29|0x00000004dba00000, 0x00000004dba00000, 0x00000004dbc00000|  0%| F|  |TAMS 0x00000004dba00000, 0x00000004dba00000| Untracked 
|  30|0x00000004dbc00000, 0x00000004dbc00000, 0x00000004dbe00000|  0%| F|  |TAMS 0x00000004dbc00000, 0x00000004dbc00000| Untracked 
|  31|0x00000004dbe00000, 0x00000004dbe00000, 0x00000004dc000000|  0%| F|  |TAMS 0x00000004dbe00000, 0x00000004dbe00000| Untracked 
|  32|0x00000004dc000000, 0x00000004dc000000, 0x00000004dc200000|  0%| F|  |TAMS 0x00000004dc000000, 0x00000004dc000000| Untracked 
|  33|0x00000004dc200000, 0x00000004dc200000, 0x00000004dc400000|  0%| F|  |TAMS 0x00000004dc200000, 0x00000004dc200000| Untracked 
|  34|0x00000004dc400000, 0x00000004dc400000, 0x00000004dc600000|  0%| F|  |TAMS 0x00000004dc400000, 0x00000004dc400000| Untracked 
|  35|0x00000004dc600000, 0x00000004dc600000, 0x00000004dc800000|  0%| F|  |TAMS 0x00000004dc600000, 0x00000004dc600000| Untracked 
|  36|0x00000004dc800000, 0x00000004dc800000, 0x00000004dca00000|  0%| F|  |TAMS 0x00000004dc800000, 0x00000004dc800000| Untracked 
|  37|0x00000004dca00000, 0x00000004dca00000, 0x00000004dcc00000|  0%| F|  |TAMS 0x00000004dca00000, 0x00000004dca00000| Untracked 
|  38|0x00000004dcc00000, 0x00000004dcc00000, 0x00000004dce00000|  0%| F|  |TAMS 0x00000004dcc00000, 0x00000004dcc00000| Untracked 
|  39|0x00000004dce00000, 0x00000004dce00000, 0x00000004dd000000|  0%| F|  |TAMS 0x00000004dce00000, 0x00000004dce00000| Untracked 
|  40|0x00000004dd000000, 0x00000004dd000000, 0x00000004dd200000|  0%| F|  |TAMS 0x00000004dd000000, 0x00000004dd000000| Untracked 
|  41|0x00000004dd200000, 0x00000004dd200000, 0x00000004dd400000|  0%| F|  |TAMS 0x00000004dd200000, 0x00000004dd200000| Untracked 
|  42|0x00000004dd400000, 0x00000004dd400000, 0x00000004dd600000|  0%| F|  |TAMS 0x00000004dd400000, 0x00000004dd400000| Untracked 
|  43|0x00000004dd600000, 0x00000004dd600000, 0x00000004dd800000|  0%| F|  |TAMS 0x00000004dd600000, 0x00000004dd600000| Untracked 
|  44|0x00000004dd800000, 0x00000004dd800000, 0x00000004dda00000|  0%| F|  |TAMS 0x00000004dd800000, 0x00000004dd800000| Untracked 
|  45|0x00000004dda00000, 0x00000004dda00000, 0x00000004ddc00000|  0%| F|  |TAMS 0x00000004dda00000, 0x00000004dda00000| Untracked 
|  46|0x00000004ddc00000, 0x00000004ddc00000, 0x00000004dde00000|  0%| F|  |TAMS 0x00000004ddc00000, 0x00000004ddc00000| Untracked 
|  47|0x00000004dde00000, 0x00000004dde00000, 0x00000004de000000|  0%| F|  |TAMS 0x00000004dde00000, 0x00000004dde00000| Untracked 
|  48|0x00000004de000000, 0x00000004de000000, 0x00000004de200000|  0%| F|  |TAMS 0x00000004de000000, 0x00000004de000000| Untracked 
|  49|0x00000004de200000, 0x00000004de200000, 0x00000004de400000|  0%| F|  |TAMS 0x00000004de200000, 0x00000004de200000| Untracked 
|  50|0x00000004de400000, 0x00000004de400000, 0x00000004de600000|  0%| F|  |TAMS 0x00000004de400000, 0x00000004de400000| Untracked 
|  51|0x00000004de600000, 0x00000004de600000, 0x00000004de800000|  0%| F|  |TAMS 0x00000004de600000, 0x00000004de600000| Untracked 
|  52|0x00000004de800000, 0x00000004de800000, 0x00000004dea00000|  0%| F|  |TAMS 0x00000004de800000, 0x00000004de800000| Untracked 
|  53|0x00000004dea00000, 0x00000004dea00000, 0x00000004dec00000|  0%| F|  |TAMS 0x00000004dea00000, 0x00000004dea00000| Untracked 
|  54|0x00000004dec00000, 0x00000004dec00000, 0x00000004dee00000|  0%| F|  |TAMS 0x00000004dec00000, 0x00000004dec00000| Untracked 
|  55|0x00000004dee00000, 0x00000004dee00000, 0x00000004df000000|  0%| F|  |TAMS 0x00000004dee00000, 0x00000004dee00000| Untracked 
|  56|0x00000004df000000, 0x00000004df000000, 0x00000004df200000|  0%| F|  |TAMS 0x00000004df000000, 0x00000004df000000| Untracked 
|  57|0x00000004df200000, 0x00000004df200000, 0x00000004df400000|  0%| F|  |TAMS 0x00000004df200000, 0x00000004df200000| Untracked 
|  58|0x00000004df400000, 0x00000004df400000, 0x00000004df600000|  0%| F|  |TAMS 0x00000004df400000, 0x00000004df400000| Untracked 
|  59|0x00000004df600000, 0x00000004df600000, 0x00000004df800000|  0%| F|  |TAMS 0x00000004df600000, 0x00000004df600000| Untracked 
|  60|0x00000004df800000, 0x00000004df800000, 0x00000004dfa00000|  0%| F|  |TAMS 0x00000004df800000, 0x00000004df800000| Untracked 
|  61|0x00000004dfa00000, 0x00000004dfa00000, 0x00000004dfc00000|  0%| F|  |TAMS 0x00000004dfa00000, 0x00000004dfa00000| Untracked 
|  62|0x00000004dfc00000, 0x00000004dfc00000, 0x00000004dfe00000|  0%| F|  |TAMS 0x00000004dfc00000, 0x00000004dfc00000| Untracked 
|  63|0x00000004dfe00000, 0x00000004dfe00000, 0x00000004e0000000|  0%| F|  |TAMS 0x00000004dfe00000, 0x00000004dfe00000| Untracked 
|  64|0x00000004e0000000, 0x00000004e0000000, 0x00000004e0200000|  0%| F|  |TAMS 0x00000004e0000000, 0x00000004e0000000| Untracked 
|  65|0x00000004e0200000, 0x00000004e0200000, 0x00000004e0400000|  0%| F|  |TAMS 0x00000004e0200000, 0x00000004e0200000| Untracked 
|  66|0x00000004e0400000, 0x00000004e0400000, 0x00000004e0600000|  0%| F|  |TAMS 0x00000004e0400000, 0x00000004e0400000| Untracked 
|  67|0x00000004e0600000, 0x00000004e0600000, 0x00000004e0800000|  0%| F|  |TAMS 0x00000004e0600000, 0x00000004e0600000| Untracked 
|  68|0x00000004e0800000, 0x00000004e0800000, 0x00000004e0a00000|  0%| F|  |TAMS 0x00000004e0800000, 0x00000004e0800000| Untracked 
|  69|0x00000004e0a00000, 0x00000004e0a00000, 0x00000004e0c00000|  0%| F|  |TAMS 0x00000004e0a00000, 0x00000004e0a00000| Untracked 
|  70|0x00000004e0c00000, 0x00000004e0c00000, 0x00000004e0e00000|  0%| F|  |TAMS 0x00000004e0c00000, 0x00000004e0c00000| Untracked 
|  71|0x00000004e0e00000, 0x00000004e0e00000, 0x00000004e1000000|  0%| F|  |TAMS 0x00000004e0e00000, 0x00000004e0e00000| Untracked 
|  72|0x00000004e1000000, 0x00000004e1000000, 0x00000004e1200000|  0%| F|  |TAMS 0x00000004e1000000, 0x00000004e1000000| Untracked 
|  73|0x00000004e1200000, 0x00000004e1200000, 0x00000004e1400000|  0%| F|  |TAMS 0x00000004e1200000, 0x00000004e1200000| Untracked 
|  74|0x00000004e1400000, 0x00000004e1400000, 0x00000004e1600000|  0%| F|  |TAMS 0x00000004e1400000, 0x00000004e1400000| Untracked 
|  75|0x00000004e1600000, 0x00000004e1600000, 0x00000004e1800000|  0%| F|  |TAMS 0x00000004e1600000, 0x00000004e1600000| Untracked 
|  76|0x00000004e1800000, 0x00000004e1800000, 0x00000004e1a00000|  0%| F|  |TAMS 0x00000004e1800000, 0x00000004e1800000| Untracked 
|  77|0x00000004e1a00000, 0x00000004e1a00000, 0x00000004e1c00000|  0%| F|  |TAMS 0x00000004e1a00000, 0x00000004e1a00000| Untracked 
|  78|0x00000004e1c00000, 0x00000004e1c00000, 0x00000004e1e00000|  0%| F|  |TAMS 0x00000004e1c00000, 0x00000004e1c00000| Untracked 
|  79|0x00000004e1e00000, 0x00000004e1e00000, 0x00000004e2000000|  0%| F|  |TAMS 0x00000004e1e00000, 0x00000004e1e00000| Untracked 
|  80|0x00000004e2000000, 0x00000004e2000000, 0x00000004e2200000|  0%| F|  |TAMS 0x00000004e2000000, 0x00000004e2000000| Untracked 
|  81|0x00000004e2200000, 0x00000004e2200000, 0x00000004e2400000|  0%| F|  |TAMS 0x00000004e2200000, 0x00000004e2200000| Untracked 
|  82|0x00000004e2400000, 0x00000004e2400000, 0x00000004e2600000|  0%| F|  |TAMS 0x00000004e2400000, 0x00000004e2400000| Untracked 
|  83|0x00000004e2600000, 0x00000004e2600000, 0x00000004e2800000|  0%| F|  |TAMS 0x00000004e2600000, 0x00000004e2600000| Untracked 
|  84|0x00000004e2800000, 0x00000004e2800000, 0x00000004e2a00000|  0%| F|  |TAMS 0x00000004e2800000, 0x00000004e2800000| Untracked 
|  85|0x00000004e2a00000, 0x00000004e2a00000, 0x00000004e2c00000|  0%| F|  |TAMS 0x00000004e2a00000, 0x00000004e2a00000| Untracked 
|  86|0x00000004e2c00000, 0x00000004e2c00000, 0x00000004e2e00000|  0%| F|  |TAMS 0x00000004e2c00000, 0x00000004e2c00000| Untracked 
|  87|0x00000004e2e00000, 0x00000004e2e00000, 0x00000004e3000000|  0%| F|  |TAMS 0x00000004e2e00000, 0x00000004e2e00000| Untracked 
|  88|0x00000004e3000000, 0x00000004e3000000, 0x00000004e3200000|  0%| F|  |TAMS 0x00000004e3000000, 0x00000004e3000000| Untracked 
|  89|0x00000004e3200000, 0x00000004e3200000, 0x00000004e3400000|  0%| F|  |TAMS 0x00000004e3200000, 0x00000004e3200000| Untracked 
|  90|0x00000004e3400000, 0x00000004e3400000, 0x00000004e3600000|  0%| F|  |TAMS 0x00000004e3400000, 0x00000004e3400000| Untracked 
|  91|0x00000004e3600000, 0x00000004e3600000, 0x00000004e3800000|  0%| F|  |TAMS 0x00000004e3600000, 0x00000004e3600000| Untracked 
|  92|0x00000004e3800000, 0x00000004e3800000, 0x00000004e3a00000|  0%| F|  |TAMS 0x00000004e3800000, 0x00000004e3800000| Untracked 
|  93|0x00000004e3a00000, 0x00000004e3a00000, 0x00000004e3c00000|  0%| F|  |TAMS 0x00000004e3a00000, 0x00000004e3a00000| Untracked 
|  94|0x00000004e3c00000, 0x00000004e3c00000, 0x00000004e3e00000|  0%| F|  |TAMS 0x00000004e3c00000, 0x00000004e3c00000| Untracked 
|  95|0x00000004e3e00000, 0x00000004e3e00000, 0x00000004e4000000|  0%| F|  |TAMS 0x00000004e3e00000, 0x00000004e3e00000| Untracked 
|  96|0x00000004e4000000, 0x00000004e4000000, 0x00000004e4200000|  0%| F|  |TAMS 0x00000004e4000000, 0x00000004e4000000| Untracked 
|  97|0x00000004e4200000, 0x00000004e4200000, 0x00000004e4400000|  0%| F|  |TAMS 0x00000004e4200000, 0x00000004e4200000| Untracked 
|  98|0x00000004e4400000, 0x00000004e4400000, 0x00000004e4600000|  0%| F|  |TAMS 0x00000004e4400000, 0x00000004e4400000| Untracked 
|  99|0x00000004e4600000, 0x00000004e4600000, 0x00000004e4800000|  0%| F|  |TAMS 0x00000004e4600000, 0x00000004e4600000| Untracked 
| 100|0x00000004e4800000, 0x00000004e4800000, 0x00000004e4a00000|  0%| F|  |TAMS 0x00000004e4800000, 0x00000004e4800000| Untracked 
| 101|0x00000004e4a00000, 0x00000004e4a00000, 0x00000004e4c00000|  0%| F|  |TAMS 0x00000004e4a00000, 0x00000004e4a00000| Untracked 
| 102|0x00000004e4c00000, 0x00000004e4c00000, 0x00000004e4e00000|  0%| F|  |TAMS 0x00000004e4c00000, 0x00000004e4c00000| Untracked 
| 103|0x00000004e4e00000, 0x00000004e4e00000, 0x00000004e5000000|  0%| F|  |TAMS 0x00000004e4e00000, 0x00000004e4e00000| Untracked 
| 104|0x00000004e5000000, 0x00000004e5000000, 0x00000004e5200000|  0%| F|  |TAMS 0x00000004e5000000, 0x00000004e5000000| Untracked 
| 105|0x00000004e5200000, 0x00000004e5200000, 0x00000004e5400000|  0%| F|  |TAMS 0x00000004e5200000, 0x00000004e5200000| Untracked 
| 106|0x00000004e5400000, 0x00000004e5400000, 0x00000004e5600000|  0%| F|  |TAMS 0x00000004e5400000, 0x00000004e5400000| Untracked 
| 107|0x00000004e5600000, 0x00000004e5600000, 0x00000004e5800000|  0%| F|  |TAMS 0x00000004e5600000, 0x00000004e5600000| Untracked 
| 108|0x00000004e5800000, 0x00000004e5800000, 0x00000004e5a00000|  0%| F|  |TAMS 0x00000004e5800000, 0x00000004e5800000| Untracked 
| 109|0x00000004e5a00000, 0x00000004e5a00000, 0x00000004e5c00000|  0%| F|  |TAMS 0x00000004e5a00000, 0x00000004e5a00000| Untracked 
| 110|0x00000004e5c00000, 0x00000004e5c00000, 0x00000004e5e00000|  0%| F|  |TAMS 0x00000004e5c00000, 0x00000004e5c00000| Untracked 
| 111|0x00000004e5e00000, 0x00000004e5e00000, 0x00000004e6000000|  0%| F|  |TAMS 0x00000004e5e00000, 0x00000004e5e00000| Untracked 
| 112|0x00000004e6000000, 0x00000004e6000000, 0x00000004e6200000|  0%| F|  |TAMS 0x00000004e6000000, 0x00000004e6000000| Untracked 
| 113|0x00000004e6200000, 0x00000004e6400000, 0x00000004e6400000|100%| S|CS|TAMS 0x00000004e6200000, 0x00000004e6200000| Complete 
| 114|0x00000004e6400000, 0x00000004e6600000, 0x00000004e6600000|100%| S|CS|TAMS 0x00000004e6400000, 0x00000004e6400000| Complete 
| 115|0x00000004e6600000, 0x00000004e6600000, 0x00000004e6800000|  0%| F|  |TAMS 0x00000004e6600000, 0x00000004e6600000| Untracked 
| 116|0x00000004e6800000, 0x00000004e6800000, 0x00000004e6a00000|  0%| F|  |TAMS 0x00000004e6800000, 0x00000004e6800000| Untracked 
| 117|0x00000004e6a00000, 0x00000004e6a00000, 0x00000004e6c00000|  0%| F|  |TAMS 0x00000004e6a00000, 0x00000004e6a00000| Untracked 
| 118|0x00000004e6c00000, 0x00000004e6c00000, 0x00000004e6e00000|  0%| F|  |TAMS 0x00000004e6c00000, 0x00000004e6c00000| Untracked 
| 119|0x00000004e6e00000, 0x00000004e6e00000, 0x00000004e7000000|  0%| F|  |TAMS 0x00000004e6e00000, 0x00000004e6e00000| Untracked 
| 120|0x00000004e7000000, 0x00000004e7000000, 0x00000004e7200000|  0%| F|  |TAMS 0x00000004e7000000, 0x00000004e7000000| Untracked 
| 121|0x00000004e7200000, 0x00000004e7200000, 0x00000004e7400000|  0%| F|  |TAMS 0x00000004e7200000, 0x00000004e7200000| Untracked 
| 122|0x00000004e7400000, 0x00000004e7400000, 0x00000004e7600000|  0%| F|  |TAMS 0x00000004e7400000, 0x00000004e7400000| Untracked 
| 123|0x00000004e7600000, 0x00000004e7600000, 0x00000004e7800000|  0%| F|  |TAMS 0x00000004e7600000, 0x00000004e7600000| Untracked 
| 124|0x00000004e7800000, 0x00000004e7800000, 0x00000004e7a00000|  0%| F|  |TAMS 0x00000004e7800000, 0x00000004e7800000| Untracked 
| 125|0x00000004e7a00000, 0x00000004e7b41fe8, 0x00000004e7c00000| 62%| E|  |TAMS 0x00000004e7a00000, 0x00000004e7a00000| Complete 

Card table byte_map: [0x000001e3ccbe0000,0x000001e3cd3c0000] _byte_map_base: 0x000001e3ca520000

Marking Bits (Prev, Next): (CMBitMap*) 0x000001e3c1611630, (CMBitMap*) 0x000001e3c1611670
 Prev Bits: [0x000001e3cdba0000, 0x000001e3d1aa0000)
 Next Bits: [0x000001e3d1aa0000, 0x000001e3d59a0000)

Polling page: 0x000001e3bf3b0000

Metaspace:

Usage:
  Non-class:      4.73 MB used.
      Class:    670.19 KB used.
       Both:      5.39 MB used.

Virtual space:
  Non-class space:       64.00 MB reserved,       4.81 MB (  8%) committed,  1 nodes.
      Class space:        1.00 GB reserved,     832.00 KB ( <1%) committed,  1 nodes.
             Both:        1.06 GB reserved,       5.62 MB ( <1%) committed. 

Chunk freelists:
   Non-Class:  10.51 MB
       Class:  15.18 MB
        Both:  25.69 MB

MaxMetaspaceSize: unlimited
CompressedClassSpaceSize: 1.00 GB
Initial GC threshold: 21.00 MB
Current GC threshold: 21.00 MB
CDS: on
MetaspaceReclaimPolicy: balanced
 - commit_granule_bytes: 65536.
 - commit_granule_words: 8192.
 - virtual_space_node_default_size: 8388608.
 - enlarge_chunks_in_place: 1.
 - new_chunks_are_fully_committed: 0.
 - uncommit_free_chunks: 1.
 - use_allocation_guard: 0.
 - handle_deallocations: 1.


Internal statistics:

num_allocs_failed_limit: 0.
num_arena_births: 124.
num_arena_deaths: 0.
num_vsnodes_births: 2.
num_vsnodes_deaths: 0.
num_space_committed: 90.
num_space_uncommitted: 0.
num_chunks_returned_to_freelist: 0.
num_chunks_taken_from_freelist: 187.
num_chunk_merges: 0.
num_chunk_splits: 106.
num_chunks_enlarged: 45.
num_inconsistent_stats: 0.

CodeCache: size=49152Kb used=3782Kb max_used=3782Kb free=45369Kb
 bounds [0x000001e3c90c0000, 0x000001e3c9480000, 0x000001e3cc0c0000]
 total_blobs=1545 nmethods=1093 adapters=378
 compilation: enabled
              stopped_count=0, restarted_count=0
 full_count=0

Compilation events (20 events):
Event: 0.730 Thread 0x000001e3d8264e10 1076       1       sun.net.www.protocol.file.Handler::parseURL (18 bytes)
Event: 0.730 Thread 0x000001e3d88d48b0 1077       1       java.net.URLStreamHandler::parseURL (1201 bytes)
Event: 0.730 Thread 0x000001e3d88d3f80 nmethod 1074 0x000001e3c946c410 code [0x000001e3c946c5c0, 0x000001e3c946c7b8]
Event: 0.730 Thread 0x000001e3d8264e10 nmethod 1076 0x000001e3c946c910 code [0x000001e3c946cac0, 0x000001e3c946cbf8]
Event: 0.730 Thread 0x000001e3d88d3f80 1082       1       jdk.internal.access.SharedSecrets::javaUtilJarAccess (19 bytes)
Event: 0.730 Thread 0x000001e3d8264e10 1084       1       java.io.FilterInputStream::<init> (10 bytes)
Event: 0.730 Thread 0x000001e3d8264e10 nmethod 1084 0x000001e3c946e610 code [0x000001e3c946e7a0, 0x000001e3c946e8b8]
Event: 0.730 Thread 0x000001e3d8264e10 1085   !   1       java.util.zip.ZipFile$ZipFileInputStream::read (135 bytes)
Event: 0.730 Thread 0x000001e3d88d3f80 nmethod 1082 0x000001e3c946e910 code [0x000001e3c946eac0, 0x000001e3c946eca8]
Event: 0.730 Thread 0x000001e3d88d3f80 1086       1       java.util.zip.ZipFile::ensureOpenOrZipException (19 bytes)
Event: 0.730 Thread 0x000001e3d88d3f80 nmethod 1086 0x000001e3c946ee10 code [0x000001e3c946efc0, 0x000001e3c946f108]
Event: 0.730 Thread 0x000001e3d88d3f80 1087       1       java.util.zip.ZipFile$ZipFileInputStream::initDataOffset (117 bytes)
Event: 0.731 Thread 0x000001e3d8264e10 nmethod 1085 0x000001e3c946f790 code [0x000001e3c946f980, 0x000001e3c946fdd8]
Event: 0.731 Thread 0x000001e3d88d3f80 nmethod 1087 0x000001e3c9470110 code [0x000001e3c94702e0, 0x000001e3c9470688]
Event: 0.731 Thread 0x000001e3d8264e10 1092       1       java.util.WeakHashMap::remove (131 bytes)
Event: 0.731 Thread 0x000001e3d88d3f80 1094       1       jdk.internal.org.objectweb.asm.Type::getDescriptor (93 bytes)
Event: 0.731 Thread 0x000001e3d8264e10 nmethod 1092 0x000001e3c9470810 code [0x000001e3c9470a00, 0x000001e3c9470e98]
Event: 0.731 Thread 0x000001e3d8264e10 1093       1       jdk.internal.org.objectweb.asm.Type::<init> (26 bytes)
Event: 0.731 Thread 0x000001e3d8264e10 nmethod 1093 0x000001e3c9471110 code [0x000001e3c94712a0, 0x000001e3c94713b8]
Event: 0.731 Thread 0x000001e3d8264e10 1096   !   1       java.util.zip.ZipFile$Source::readAt (39 bytes)

GC Heap History (2 events):
Event: 0.725 GC heap before
{Heap before GC invocations=0 (full 0):
 garbage-first heap   total 258048K, used 20480K [0x00000004d8000000, 0x00000005d4000000)
  region size 2048K, 11 young (22528K), 0 survivors (0K)
 Metaspace       used 5417K, committed 5568K, reserved 1114112K
  class space    used 653K, committed 704K, reserved 1048576K
}
Event: 0.729 GC heap after
{Heap after GC invocations=1 (full 0):
 garbage-first heap   total 258048K, used 11310K [0x00000004d8000000, 0x00000005d4000000)
  region size 2048K, 2 young (4096K), 2 survivors (4096K)
 Metaspace       used 5417K, committed 5568K, reserved 1114112K
  class space    used 653K, committed 704K, reserved 1048576K
}

Dll operation events (11 events):
Event: 0.006 Loaded shared library C:\Users\ssginc29\.jdks\corretto-17.0.14\bin\java.dll
Event: 0.029 Loaded shared library C:\Users\ssginc29\.jdks\corretto-17.0.14\bin\jsvml.dll
Event: 0.236 Loaded shared library C:\Users\ssginc29\.jdks\corretto-17.0.14\bin\zip.dll
Event: 0.241 Loaded shared library C:\Users\ssginc29\.jdks\corretto-17.0.14\bin\instrument.dll
Event: 0.248 Loaded shared library C:\Users\ssginc29\.jdks\corretto-17.0.14\bin\net.dll
Event: 0.251 Loaded shared library C:\Users\ssginc29\.jdks\corretto-17.0.14\bin\nio.dll
Event: 0.267 Loaded shared library C:\Users\ssginc29\.jdks\corretto-17.0.14\bin\zip.dll
Event: 0.309 Loaded shared library C:\Users\ssginc29\.jdks\corretto-17.0.14\bin\jimage.dll
Event: 0.528 Loaded shared library C:\Users\ssginc29\.jdks\corretto-17.0.14\bin\extnet.dll
Event: 0.533 Loaded shared library C:\Users\ssginc29\.jdks\corretto-17.0.14\bin\management.dll
Event: 0.540 Loaded shared library C:\Users\ssginc29\.jdks\corretto-17.0.14\bin\management_ext.dll

Deoptimization events (0 events):
No events

Classes loaded (20 events):
Event: 0.731 Loading class java/util/concurrent/LinkedBlockingQueue done
Event: 0.731 Loading class javax/management/remote/rmi/RMIConnectionImpl_Stub done
Event: 0.731 Loading class java/util/concurrent/LinkedBlockingQueue$Node
Event: 0.731 Loading class java/util/concurrent/LinkedBlockingQueue$Node done
Event: 0.731 Loading class java/rmi/MarshalledObject
Event: 0.731 Loading class java/rmi/MarshalledObject done
Event: 0.731 Loading class javax/security/auth/Subject
Event: 0.731 Loading class javax/security/auth/Subject done
Event: 0.731 Loading class javax/management/InstanceNotFoundException
Event: 0.731 Loading class javax/management/InstanceNotFoundException done
Event: 0.731 Loading class javax/management/ReflectionException
Event: 0.731 Loading class javax/management/ReflectionException done
Event: 0.731 Loading class javax/management/InstanceAlreadyExistsException
Event: 0.731 Loading class javax/management/InstanceAlreadyExistsException done
Event: 0.731 Loading class javax/management/MBeanRegistrationException
Event: 0.731 Loading class javax/management/MBeanException
Event: 0.731 Loading class javax/management/MBeanException done
Event: 0.731 Loading class javax/management/MBeanRegistrationException done
Event: 0.731 Loading class javax/management/NotCompliantMBeanException
Event: 0.731 Loading class javax/management/NotCompliantMBeanException done

Classes unloaded (0 events):
No events

Classes redefined (0 events):
No events

Internal exceptions (11 events):
Event: 0.522 Thread 0x000001e41e424eb0 Exception <a 'java/lang/NoSuchMethodError'{0x00000004e6ddbcd8}: 'java.lang.Object java.lang.invoke.DirectMethodHandle$Holder.invokeStaticInit(java.lang.Object)'> (0x00000004e6ddbcd8) 
thrown [s\src\hotspot\share\interpreter\linkResolver.cpp, line 759]
Event: 0.529 Thread 0x000001e41e424eb0 Exception <a 'java/lang/NoSuchMethodError'{0x00000004e6de9f60}: 'void java.lang.invoke.DirectMethodHandle$Holder.invokeStatic(java.lang.Object, java.lang.Object)'> (0x00000004e6de9f60) 
thrown [s\src\hotspot\share\interpreter\linkResolver.cpp, line 759]
Event: 0.542 Thread 0x000001e3c15a6880 Exception <a 'java/lang/NoSuchMethodError'{0x00000004e6a01210}: 'int java.lang.invoke.DirectMethodHandle$Holder.invokeInterface(java.lang.Object, java.lang.Object)'> (0x00000004e6a01210) 
thrown [s\src\hotspot\share\interpreter\linkResolver.cpp, line 759]
Event: 0.542 Thread 0x000001e3c15a6880 Exception <a 'java/lang/IncompatibleClassChangeError'{0x00000004e6a04810}: Found class java.lang.Object, but interface was expected> (0x00000004e6a04810) 
thrown [s\src\hotspot\share\interpreter\linkResolver.cpp, line 826]
Event: 0.572 Thread 0x000001e3c15a6880 Exception <a 'java/lang/NoSuchMethodError'{0x00000004e6acfb20}: 'int java.lang.invoke.DirectMethodHandle$Holder.invokeSpecial(java.lang.Object, java.lang.Object, java.lang.Object)'> (0x00000004e6acfb20) 
thrown [s\src\hotspot\share\interpreter\linkResolver.cpp, line 759]
Event: 0.601 Thread 0x000001e3c15a6880 Exception <a 'java/lang/NoSuchMethodError'{0x00000004e6bca678}: 'void java.lang.invoke.DirectMethodHandle$Holder.invokeStatic(java.lang.Object, java.lang.Object, java.lang.Object)'> (0x00000004e6bca678) 
thrown [s\src\hotspot\share\interpreter\linkResolver.cpp, line 759]
Event: 0.610 Thread 0x000001e3c15a6880 Exception <a 'java/lang/NoSuchMethodError'{0x00000004e6806d38}: 'int java.lang.invoke.DirectMethodHandle$Holder.invokeSpecialIFC(java.lang.Object, java.lang.Object, java.lang.Object)'> (0x00000004e6806d38) 
thrown [s\src\hotspot\share\interpreter\linkResolver.cpp, line 759]
Event: 0.628 Thread 0x000001e3c15a6880 Exception <a 'java/lang/NoSuchMethodError'{0x00000004e687dd10}: 'java.lang.Object java.lang.invoke.DirectMethodHandle$Holder.invokeStaticInit(java.lang.Object, int, int, int, int)'> (0x00000004e687dd10) 
thrown [s\src\hotspot\share\interpreter\linkResolver.cpp, line 759]
Event: 0.680 Thread 0x000001e3c15a6880 Exception <a 'java/lang/NoSuchMethodError'{0x00000004e6917988}: 'java.lang.Object java.lang.invoke.DirectMethodHandle$Holder.invokeStaticInit(java.lang.Object, java.lang.Object, int, int, int, int)'> (0x00000004e6917988) 
thrown [s\src\hotspot\share\interpreter\linkResolver.cpp, line 759]
Event: 0.689 Thread 0x000001e3c15a6880 Exception <a 'java/lang/ClassNotFoundException'{0x00000004e6935dd0}: javax/management/remote/rmi/RMIServerImpl_Skel> (0x00000004e6935dd0) 
thrown [s\src\hotspot\share\classfile\systemDictionary.cpp, line 256]
Event: 0.722 Thread 0x000001e41e5e9020 Exception <a 'java/lang/NoSuchMethodError'{0x00000004e675a898}: static [B.<clinit>()V> (0x00000004e675a898) 
thrown [s\src\hotspot\share\prims\jni.cpp, line 1112]

VM Operations (14 events):
Event: 0.226 Executing VM operation: HandshakeAllThreads
Event: 0.226 Executing VM operation: HandshakeAllThreads done
Event: 0.521 Executing VM operation: HandshakeAllThreads
Event: 0.521 Executing VM operation: HandshakeAllThreads done
Event: 0.544 Executing VM operation: HandshakeAllThreads
Event: 0.544 Executing VM operation: HandshakeAllThreads done
Event: 0.545 Executing VM operation: HandshakeAllThreads
Event: 0.545 Executing VM operation: HandshakeAllThreads done
Event: 0.619 Executing VM operation: HandshakeAllThreads
Event: 0.619 Executing VM operation: HandshakeAllThreads done
Event: 0.697 Executing VM operation: HandshakeAllThreads
Event: 0.697 Executing VM operation: HandshakeAllThreads done
Event: 0.724 Executing VM operation: G1CollectForAllocation
Event: 0.729 Executing VM operation: G1CollectForAllocation done

Memory protections (0 events):
No events

Nmethod flushes (0 events):
No events

Events (18 events):
Event: 0.029 Thread 0x000001e3c15a6880 Thread added: 0x000001e3c15a6880
Event: 0.033 Thread 0x000001e3c15a6880 Thread added: 0x000001e3d823c1a0
Event: 0.033 Thread 0x000001e3c15a6880 Thread added: 0x000001e3d823cd60
Event: 0.049 Thread 0x000001e3c15a6880 Thread added: 0x000001e3d825aff0
Event: 0.049 Thread 0x000001e3c15a6880 Thread added: 0x000001e3d825bbb0
Event: 0.049 Thread 0x000001e3c15a6880 Thread added: 0x000001e3d825e580
Event: 0.049 Thread 0x000001e3c15a6880 Thread added: 0x000001e3d8260f50
Event: 0.049 Thread 0x000001e3c15a6880 Thread added: 0x000001e3d8264e10
Event: 0.049 Thread 0x000001e3c15a6880 Thread added: 0x000001e3d826d820
Event: 0.219 Thread 0x000001e3c15a6880 Thread added: 0x000001e3d822bec0
Event: 0.226 Thread 0x000001e3d8264e10 Thread added: 0x000001e3d88d3f80
Event: 0.226 Thread 0x000001e3d8264e10 Thread added: 0x000001e3d88d48b0
Event: 0.519 Thread 0x000001e3c15a6880 Thread added: 0x000001e41e424eb0
Event: 0.519 Thread 0x000001e3c15a6880 Thread added: 0x000001e41e4263b0
Event: 0.693 Thread 0x000001e3c15a6880 Thread added: 0x000001e41e532d90
Event: 0.710 Thread 0x000001e41e532d90 Thread added: 0x000001e41e5e9020
Event: 0.722 Thread 0x000001e41e5e9020 Thread added: 0x000001e41e61d7c0
Event: 0.731 Thread 0x000001e41e5e9020 Thread added: 0x000001e41e675440


Dynamic libraries:
0x00007ff68c6c0000 - 0x00007ff68c6ce000 	C:\Users\ssginc29\.jdks\corretto-17.0.14\bin\java.exe
0x00007ffe219b0000 - 0x00007ffe21ba8000 	C:\Windows\SYSTEM32\ntdll.dll
0x00007ffe20660000 - 0x00007ffe20722000 	C:\Windows\System32\KERNEL32.DLL
0x00007ffe1f4b0000 - 0x00007ffe1f7a6000 	C:\Windows\System32\KERNELBASE.dll
0x00007ffe1f8d0000 - 0x00007ffe1f9d0000 	C:\Windows\System32\ucrtbase.dll
0x00007ffe1a7e0000 - 0x00007ffe1a7f7000 	C:\Users\ssginc29\.jdks\corretto-17.0.14\bin\jli.dll
0x00007ffdfbf20000 - 0x00007ffdfbf3b000 	C:\Users\ssginc29\.jdks\corretto-17.0.14\bin\VCRUNTIME140.dll
0x00007ffe20850000 - 0x00007ffe209ed000 	C:\Windows\System32\USER32.dll
0x00007ffe1f090000 - 0x00007ffe1f0b2000 	C:\Windows\System32\win32u.dll
0x00007ffe09650000 - 0x00007ffe098ea000 	C:\Windows\WinSxS\amd64_microsoft.windows.common-controls_6595b64144ccf1df_6.0.19041.5915_none_60b4b9d171f9c7c7\COMCTL32.dll
0x00007ffe20f20000 - 0x00007ffe20f4b000 	C:\Windows\System32\GDI32.dll
0x00007ffe1fca0000 - 0x00007ffe1fd3e000 	C:\Windows\System32\msvcrt.dll
0x00007ffe1f2e0000 - 0x00007ffe1f3f9000 	C:\Windows\System32\gdi32full.dll
0x00007ffe1f7b0000 - 0x00007ffe1f84d000 	C:\Windows\System32\msvcp_win.dll
0x00007ffe209f0000 - 0x00007ffe20a1f000 	C:\Windows\System32\IMM32.DLL
0x00007ffe1a7c0000 - 0x00007ffe1a7cc000 	C:\Users\ssginc29\.jdks\corretto-17.0.14\bin\vcruntime140_1.dll
0x00007ffdfbe90000 - 0x00007ffdfbf1d000 	C:\Users\ssginc29\.jdks\corretto-17.0.14\bin\msvcp140.dll
0x00007ffd86f70000 - 0x00007ffd87bdc000 	C:\Users\ssginc29\.jdks\corretto-17.0.14\bin\server\jvm.dll
0x00007ffe205a0000 - 0x00007ffe20651000 	C:\Windows\System32\ADVAPI32.dll
0x00007ffe21850000 - 0x00007ffe218ef000 	C:\Windows\System32\sechost.dll
0x00007ffe20f50000 - 0x00007ffe21073000 	C:\Windows\System32\RPCRT4.dll
0x00007ffe1f0c0000 - 0x00007ffe1f0e7000 	C:\Windows\System32\bcrypt.dll
0x00007ffe207e0000 - 0x00007ffe2084b000 	C:\Windows\System32\WS2_32.dll
0x00007ffe1e540000 - 0x00007ffe1e58b000 	C:\Windows\SYSTEM32\POWRPROF.dll
0x00007ffe19670000 - 0x00007ffe1967a000 	C:\Windows\SYSTEM32\VERSION.dll
0x00007ffe10430000 - 0x00007ffe10457000 	C:\Windows\SYSTEM32\WINMM.dll
0x00007ffe1e400000 - 0x00007ffe1e412000 	C:\Windows\SYSTEM32\UMPDC.dll
0x00007ffe1d820000 - 0x00007ffe1d832000 	C:\Windows\SYSTEM32\kernel.appcore.dll
0x00007ffe0afa0000 - 0x00007ffe0afaa000 	C:\Users\ssginc29\.jdks\corretto-17.0.14\bin\jimage.dll
0x00007ffe1d540000 - 0x00007ffe1d741000 	C:\Windows\SYSTEM32\DBGHELP.DLL
0x00007ffe10f70000 - 0x00007ffe10fa4000 	C:\Windows\SYSTEM32\dbgcore.DLL
0x00007ffe1f250000 - 0x00007ffe1f2d2000 	C:\Windows\System32\bcryptPrimitives.dll
0x00007ffe011e0000 - 0x00007ffe011ee000 	C:\Users\ssginc29\.jdks\corretto-17.0.14\bin\instrument.dll
0x00007ffdfbe60000 - 0x00007ffdfbe85000 	C:\Users\ssginc29\.jdks\corretto-17.0.14\bin\java.dll
0x00007ffdfbd80000 - 0x00007ffdfbe57000 	C:\Users\ssginc29\.jdks\corretto-17.0.14\bin\jsvml.dll
0x00007ffe21080000 - 0x00007ffe217ee000 	C:\Windows\System32\SHELL32.dll
0x00007ffe1cd90000 - 0x00007ffe1d534000 	C:\Windows\SYSTEM32\windows.storage.dll
0x00007ffe1fed0000 - 0x00007ffe20223000 	C:\Windows\System32\combase.dll
0x00007ffe1e990000 - 0x00007ffe1e9bb000 	C:\Windows\SYSTEM32\Wldp.dll
0x00007ffe1f9d0000 - 0x00007ffe1fa9d000 	C:\Windows\System32\OLEAUT32.dll
0x00007ffe20480000 - 0x00007ffe2052d000 	C:\Windows\System32\SHCORE.dll
0x00007ffe20540000 - 0x00007ffe2059b000 	C:\Windows\System32\shlwapi.dll
0x00007ffe1ef70000 - 0x00007ffe1ef95000 	C:\Windows\SYSTEM32\profapi.dll
0x00007ffdfbd60000 - 0x00007ffdfbd78000 	C:\Users\ssginc29\.jdks\corretto-17.0.14\bin\zip.dll
0x00007ffdfbd40000 - 0x00007ffdfbd59000 	C:\Users\ssginc29\.jdks\corretto-17.0.14\bin\net.dll
0x00007ffe1b480000 - 0x00007ffe1b58a000 	C:\Windows\SYSTEM32\WINHTTP.dll
0x00007ffe1e770000 - 0x00007ffe1e7da000 	C:\Windows\system32\mswsock.dll
0x00007ffdfbd20000 - 0x00007ffdfbd36000 	C:\Users\ssginc29\.jdks\corretto-17.0.14\bin\nio.dll
0x00007ffe1e460000 - 0x00007ffe1e52a000 	C:\Windows\SYSTEM32\DNSAPI.dll
0x00007ffe1e420000 - 0x00007ffe1e45b000 	C:\Windows\SYSTEM32\IPHLPAPI.DLL
0x00007ffe203e0000 - 0x00007ffe203e8000 	C:\Windows\System32\NSI.dll
0x00007ffe18b60000 - 0x00007ffe18b6a000 	C:\Windows\System32\rasadhlp.dll
0x00007ffe16740000 - 0x00007ffe167c0000 	C:\Windows\System32\fwpuclnt.dll
0x00007ffe004b0000 - 0x00007ffe004b9000 	C:\Users\ssginc29\.jdks\corretto-17.0.14\bin\extnet.dll
0x00007ffdfc670000 - 0x00007ffdfc679000 	C:\Users\ssginc29\.jdks\corretto-17.0.14\bin\management.dll
0x00007ffdfbd10000 - 0x00007ffdfbd1b000 	C:\Users\ssginc29\.jdks\corretto-17.0.14\bin\management_ext.dll
0x00007ffe20aa0000 - 0x00007ffe20aa8000 	C:\Windows\System32\PSAPI.DLL
0x00007ffe1e9d0000 - 0x00007ffe1e9e8000 	C:\Windows\SYSTEM32\CRYPTSP.dll
0x00007ffe1e040000 - 0x00007ffe1e078000 	C:\Windows\system32\rsaenh.dll
0x00007ffe1eef0000 - 0x00007ffe1ef1e000 	C:\Windows\SYSTEM32\USERENV.dll
0x00007ffe1e900000 - 0x00007ffe1e90c000 	C:\Windows\SYSTEM32\CRYPTBASE.dll
0x00007ffe19d50000 - 0x00007ffe19d67000 	C:\Windows\SYSTEM32\dhcpcsvc6.DLL
0x00007ffe19d30000 - 0x00007ffe19d4d000 	C:\Windows\SYSTEM32\dhcpcsvc.DLL
0x00007ffe01de0000 - 0x00007ffe01df7000 	C:\Windows\system32\napinsp.dll
0x00007ffe01dc0000 - 0x00007ffe01ddb000 	C:\Windows\system32\pnrpnsp.dll
0x00007ffe1b6c0000 - 0x00007ffe1b6dd000 	C:\Windows\system32\wshbth.dll
0x00007ffe1b590000 - 0x00007ffe1b5ad000 	C:\Windows\system32\NLAapi.dll
0x00007ffe01d80000 - 0x00007ffe01d92000 	C:\Windows\System32\winrnr.dll

dbghelp: loaded successfully - version: 4.0.5 - missing functions: none
symbol engine: initialized successfully - sym options: 0x614 - pdb path: .;C:\Users\ssginc29\.jdks\corretto-17.0.14\bin;C:\Windows\SYSTEM32;C:\Windows\WinSxS\amd64_microsoft.windows.common-controls_6595b64144ccf1df_6.0.19041.5915_none_60b4b9d171f9c7c7;C:\Users\ssginc29\.jdks\corretto-17.0.14\bin\server

VM Arguments:
jvm_args: -XX:TieredStopAtLevel=1 -Dspring.output.ansi.enabled=always -Dcom.sun.management.jmxremote -Dspring.jmx.enabled=true -Dspring.liveBeansView.mbeanDomain -Dspring.application.admin.enabled=true -Dmanagement.endpoints.jmx.exposure.include=* -javaagent:C:\Program Files\JetBrains\IntelliJ IDEA 2024.3.4.1\lib\idea_rt.jar=55013 -Dfile.encoding=UTF-8 
java_command: com.parkmate.batchservice.BatchserviceApplication
java_class_path (initial): C:\Users\ssginc29\Desktop\workspace\batchservice\build\classes\java\main;C:\Users\ssginc29\Desktop\workspace\batchservice\build\resources\main;C:\Users\ssginc29\.gradle\caches\modules-2\files-2.1\org.projectlombok\lombok\1.18.32\17d46b3e205515e1e8efd3ee4d57ce8018914163\lombok-1.18.32.jar;C:\Users\ssginc29\.gradle\caches\modules-2\files-2.1\org.springframework.boot\spring-boot-starter-batch\3.3.1\ca27d9ae1d40e8de4f083947e42135bd456801d6\spring-boot-starter-batch-3.3.1.jar;C:\Users\ssginc29\.gradle\caches\modules-2\files-2.1\org.springframework.boot\spring-boot-starter-data-jpa\3.3.1\f12725d58a944eaf4d44334a6a7b0fe14ed08577\spring-boot-starter-data-jpa-3.3.1.jar;C:\Users\ssginc29\.gradle\caches\modules-2\files-2.1\org.springframework.boot\spring-boot-starter-web\3.3.1\ec812e82a010d089438b6ac98ebe294f2e540f71\spring-boot-starter-web-3.3.1.jar;C:\Users\ssginc29\.gradle\caches\modules-2\files-2.1\org.springframework.cloud\spring-cloud-starter-netflix-eureka-client\4.1.1\9548b9b7bfed0108b2fc34982752ff312f08bcaa\spring-cloud-starter-netflix-eureka-client-4.1.1.jar;C:\Users\ssginc29\.gradle\caches\modules-2\files-2.1\org.springframework.boot\spring-boot-starter-data-mongodb\3.3.1\bd029755a3c4c9289f7b4d6fc8c18ffbd11a7234\spring-boot-starter-data-mongodb-3.3.1.jar;C:\Users\ssginc29\.gradle\caches\modules-2\files-2.1\org.springframework.cloud\spring-cloud-starter-openfeign\4.1.1\514cac998d4578ab17dd286bab8e8d1373e8303a\spring-cloud-starter-openfeign-4.1.1.jar;C:\Users\ssginc29\.gradle\caches\modules-2\files-2.1\org.springdoc\springdoc-openapi-starter-webmvc-ui\2.3.0\b4af31e9d40539c94f8debbf760134d961333c24\springdoc-openapi-starter-webmvc-ui-2.3.0.jar;C:\Users\ssginc29\.gradle\caches\modules-2\files-2.1\org.springframework.kafka\spring-kafka\3.2.1\ebd9d79b63e9b343f589168a1441f4686a1daeda\spring-kafka-3.2.1.jar;C:\Users\ssginc29\.gradle\caches\modules-2\files-2.1\org.springframework.boot\spring-boot-starter-jdbc\3.3.1\73e79247180d277b68801ff5f4f9e9a
Launcher Type: SUN_STANDARD

[Global flags]
     intx CICompilerCount                          = 4                                         {product} {ergonomic}
     uint ConcGCThreads                            = 3                                         {product} {ergonomic}
     uint G1ConcRefinementThreads                  = 10                                        {product} {ergonomic}
   size_t G1HeapRegionSize                         = 2097152                                   {product} {ergonomic}
    uintx GCDrainStackTargetSize                   = 64                                        {product} {ergonomic}
   size_t InitialHeapSize                          = 264241152                                 {product} {ergonomic}
     bool ManagementServer                         = true                                      {product} {command line}
   size_t MarkStackSize                            = 4194304                                   {product} {ergonomic}
   size_t MaxHeapSize                              = 4227858432                                {product} {ergonomic}
   size_t MaxNewSize                               = 2535456768                                {product} {ergonomic}
   size_t MinHeapDeltaBytes                        = 2097152                                   {product} {ergonomic}
   size_t MinHeapSize                              = 8388608                                   {product} {ergonomic}
    uintx NonProfiledCodeHeapSize                  = 0                                      {pd product} {ergonomic}
     bool ProfileInterpreter                       = false                                  {pd product} {command line}
    uintx ProfiledCodeHeapSize                     = 0                                      {pd product} {ergonomic}
   size_t SoftMaxHeapSize                          = 4227858432                             {manageable} {ergonomic}
     intx TieredStopAtLevel                        = 1                                         {product} {command line}
     bool UseCompressedClassPointers               = true                           {product lp64_product} {ergonomic}
     bool UseCompressedOops                        = true                           {product lp64_product} {ergonomic}
     bool UseG1GC                                  = true                                      {product} {ergonomic}
     bool UseLargePagesIndividualAllocation        = false                                  {pd product} {ergonomic}

Logging:
Log output configuration:
 #0: stdout all=warning uptime,level,tags
 #1: stderr all=off uptime,level,tags

Environment Variables:
PATH=C:\Windows\system32;C:\Windows;C:\Windows\System32\Wbem;C:\Windows\System32\WindowsPowerShell\v1.0\;C:\Windows\System32\OpenSSH\;C:\Program Files\Bandizip\;C:\Program Files\Git\cmd;C:\Program Files\Docker\Docker\resources\bin;C:\Program Files\nodejs\;C:\ProgramData\chocolatey\bin;C:\Users\ssginc29\AppData\Local\Programs\Python\Python313\Scripts\;C:\Users\ssginc29\AppData\Local\Programs\Python\Python313\;C:\Users\ssginc29\AppData\Local\Programs\Python\Launcher\;C:\Users\ssginc29\AppData\Local\Microsoft\WindowsApps;C:\Users\ssginc29\AppData\Local\Programs\Microsoft VS Code\bin;C:\Program Files\JetBrains\IntelliJ IDEA 2024.3.4.1\bin;C:\Users\ssginc29\AppData\Roaming\npm;C:\Users\ssginc29\Desktop\cursor\resources\app\bin
USERNAME=ssginc29
OS=Windows_NT
PROCESSOR_IDENTIFIER=Intel64 Family 6 Model 141 Stepping 1, GenuineIntel
TMP=C:\Users\ssginc29\AppData\Local\Temp
TEMP=C:\Users\ssginc29\AppData\Local\Temp



Periodic native trim disabled


---------------  S Y S T E M  ---------------

OS:
 Windows 10 , 64 bit Build 19041 (10.0.19041.5915)
OS uptime: 3 days 23:51 hours
Hyper-V role detected

CPU: total 12 (initial active 12) (6 cores per cpu, 2 threads per core) family 6 model 141 stepping 1 microcode 0x34, cx8, cmov, fxsr, ht, mmx, 3dnowpref, sse, sse2, sse3, ssse3, sse4.1, sse4.2, popcnt, lzcnt, tsc, tscinvbit, avx, avx2, aes, erms, clmul, bmi1, bmi2, adx, avx512f, avx512dq, avx512cd, avx512bw, avx512vl, sha, fma, vzeroupper, avx512_vpopcntdq, avx512_vpclmulqdq, avx512_vaes, avx512_vnni, clflush, clflushopt, clwb, avx512_vbmi2, avx512_vbmi, hv
Processor Information for all 12 processors :
  Max Mhz: 2918, Current Mhz: 2918, Mhz Limit: 2918

Memory: 4k page, system-wide physical 16121M (459M free)
TotalPageFile size 38277M (AvailPageFile size 4M)
current process WorkingSet (physical memory assigned to process): 79M, peak: 79M
current process commit charge ("private bytes"): 355M, peak: 355M

vm_info: OpenJDK 64-Bit Server VM (17.0.14+7-LTS) for windows-amd64 JRE (17.0.14+7-LTS), built on Jan  7 2025 20:14:24 by "Administrator" with MS VC++ 16.10 / 16.11 (VS2019)

END.
